<?xml version="1.0" encoding="UTF-8"?>
<testsuite name="main1.CalculatorTest" tests="2" skipped="0" failures="0" errors="0" timestamp="2025-04-13T13:23:19" hostname="RYOTA" time="0.026">
  <properties/>
  <testcase name="testAdd()" classname="main1.CalculatorTest" time="0.021"/>
  <testcase name="testSubtract()" classname="main1.CalculatorTest" time="0.002"/>
  <system-out><![CDATA[]]></system-out>
  <system-err><![CDATA[]]></system-err>
</testsuite>
